---------------------------------------------------------------------------------
Input into dom
---------------------------------------------------------------------------------
?t, $atleast, >d, $done_percent, <ep, $learning_curve, <np, $nprod, $optimism, $pomposity, $productivity_exp, $productivity_new, $r, $to, $ts, ?verbose
0, 0.11, 0.44, 4.75, 4, 15.12, 20, 1.54, 55.86, 66.64, 8.29, 0.69, 274.77, 60.54, 66.47, 1.0
1, 0.11, 72.76, 4.75, 5.32, 15.12, 18.68, 1.54, 55.86, 66.64, 8.29, 0.69, 202.45, 60.54, 66.47, 1.0
2, 0.11, 72.76, 4.75, 6.65, 15.12, 17.35, 1.54, 55.86, 66.64, 8.29, 0.69, 202.45, 60.54, 66.47, 1.0
3, 0.11, 72.76, 4.75, 7.88, 15.12, 16.12, 1.54, 55.86, 66.64, 8.29, 0.69, 202.45, 60.54, 66.47, 1.0
4, 0.11, 72.76, 4.75, 9.03, 15.12, 14.97, 1.54, 55.86, 66.64, 8.29, 0.69, 202.45, 60.54, 66.47, 1.0
5, 0.11, 72.76, 4.75, 10.09, 15.12, 13.91, 1.54, 55.86, 66.64, 8.29, 0.69, 202.45, 60.54, 66.47, 1.0
6, 0.11, 72.76, 4.75, 11.08, 15.12, 12.92, 1.54, 55.86, 66.64, 8.29, 0.69, 202.45, 60.54, 66.47, 1.0
7, 0.11, 72.76, 4.75, 12.0, 15.12, 12.0, 1.54, 55.86, 66.64, 8.29, 0.69, 202.45, 60.54, 66.47, 1.0
8, 0.11, 72.76, 4.75, 12.86, 15.12, 11.14, 1.54, 55.86, 66.64, 8.29, 0.69, 202.45, 60.54, 66.47, 1.0
9, 0.11, 72.76, 4.75, 13.65, 15.12, 10.35, 1.54, 55.86, 66.64, 8.29, 0.69, 202.45, 60.54, 66.47, 1.0
10, 0.11, 72.76, 4.75, 14.39, 15.12, 9.61, 1.54, 55.86, 66.64, 8.29, 0.69, 202.45, 60.54, 66.47, 1.0
11, 0.11, 72.76, 4.75, 15.07, 15.12, 8.93, 1.54, 55.86, 66.64, 8.29, 0.69, 202.45, 60.54, 66.47, 1.0
12, 0.11, 72.76, 4.75, 15.71, 15.12, 8.29, 1.54, 55.86, 66.64, 8.29, 0.69, 202.45, 60.54, 66.47, 1.0
13, 0.11, 72.76, 4.75, 16.3, 15.12, 7.7, 1.54, 55.86, 66.64, 8.29, 0.69, 202.45, 60.54, 66.47, 1.0
14, 0.11, 72.76, 4.75, 16.85, 15.12, 7.15, 1.54, 55.86, 66.64, 8.29, 0.69, 202.45, 60.54, 66.47, 1.0
15, 0.11, 72.76, 4.75, 17.36, 15.12, 6.64, 1.54, 55.86, 66.64, 8.29, 0.69, 202.45, 60.54, 66.47, 1.0
16, 0.11, 72.76, 4.75, 17.83, 15.12, 6.17, 1.54, 55.86, 66.64, 8.29, 0.69, 202.45, 60.54, 66.47, 1.0
17, 0.11, 72.76, 4.75, 18.27, 15.12, 5.73, 1.54, 55.86, 66.64, 8.29, 0.69, 202.45, 60.54, 66.47, 1.0
18, 0.11, 72.76, 4.75, 18.68, 15.12, 5.32, 1.54, 55.86, 66.64, 8.29, 0.69, 202.45, 60.54, 66.47, 1.0
19, 0.11, 72.76, 4.75, 19.06, 15.12, 4.94, 1.54, 55.86, 66.64, 8.29, 0.69, 202.45, 60.54, 66.47, 1.0
20, 0.11, 72.76, 4.75, 19.41, 15.12, 4.59, 1.54, 55.86, 66.64, 8.29, 0.69, 202.45, 60.54, 66.47, 1.0
21, 0.11, 72.76, 4.75, 19.74, 15.12, 4.26, 1.54, 55.86, 66.64, 8.29, 0.69, 202.45, 60.54, 66.47, 1.0
22, 0.11, 72.76, 4.75, 20.04, 15.12, 3.96, 1.54, 55.86, 66.64, 8.29, 0.69, 202.45, 60.54, 66.47, 1.0
23, 0.11, 72.76, 4.75, 20.32, 15.12, 3.68, 1.54, 55.86, 66.64, 8.29, 0.69, 202.45, 60.54, 66.47, 1.0
24, 0.11, 72.76, 4.75, 20.58, 15.12, 3.42, 1.54, 55.86, 66.64, 8.29, 0.69, 202.45, 60.54, 66.47, 1.0
25, 0.11, 72.76, 4.75, 20.83, 15.12, 3.17, 1.54, 55.86, 66.64, 8.29, 0.69, 202.45, 60.54, 66.47, 1.0
26, 0.11, 72.76, 4.75, 21.05, 15.12, 2.95, 1.54, 55.86, 66.64, 8.29, 0.69, 202.45, 60.54, 66.47, 1.0
27, 0.11, 72.76, 4.75, 21.26, 15.12, 2.74, 1.54, 55.86, 66.64, 8.29, 0.69, 202.45, 60.54, 66.47, 1.0
28, 0.11, 72.76, 4.75, 21.46, 15.12, 2.54, 1.54, 55.86, 66.64, 8.29, 0.69, 202.45, 60.54, 66.47, 1.0
29, 0.11, 72.76, 4.75, 21.64, 15.12, 2.36, 1.54, 55.86, 66.64, 8.29, 0.69, 202.45, 60.54, 66.47, 1.0
29, 0.11, 72.76, 4.75, 21.64, 15.12, 2.36, 1.54, 55.86, 66.64, 8.29, 0.69, 202.45, 60.54, 66.47, 1.0
0, 0.75, 0.09, 1.62, 7, 82.06, 27, 5.14, 6.17, 5.88, 4.64, 0.84, 337.66, 2.84, 91.59, 1.0
1, 0.75, 100, 1.62, 7.33, 82.06, 26.67, 5.14, 6.17, 5.88, 4.64, 0.84, 237.66, 2.84, 91.59, 1.0
0, 1.35, 0.42, 9.87, 3, 42.9, 28, 4.07, 17.2, 11.25, 2.47, 0.7, 621.83, 6.08, 81.75, 1.0
1, 1.35, 100, 9.87, 3.65, 42.9, 27.35, 4.07, 17.2, 11.25, 2.47, 0.7, 521.83, 6.08, 81.75, 1.0
---------------------------------------------------------------------------------
Output from dom
---------------------------------------------------------------------------------
$atleast,>d,$done_percent,<ep,$learning_curve,<np,$nprod,$optimism,$pomposity,$productivity_exp,$productivity_new,$r,$to,$ts,>dom
0.11,0.44,4.75,4,15.12,20,1.54,55.86,66.64,8.29,0.69,274.77,60.54,66.47,0.06
0.11,72.76,4.75,5.32,15.12,18.68,1.54,55.86,66.64,8.29,0.69,202.45,60.54,66.47,0.96
0.11,72.76,4.75,6.65,15.12,17.35,1.54,55.86,66.64,8.29,0.69,202.45,60.54,66.47,0.93
0.11,72.76,4.75,7.88,15.12,16.12,1.54,55.86,66.64,8.29,0.69,202.45,60.54,66.47,0.82
0.11,72.76,4.75,9.03,15.12,14.97,1.54,55.86,66.64,8.29,0.69,202.45,60.54,66.47,0.88
0.11,72.76,4.75,10.09,15.12,13.91,1.54,55.86,66.64,8.29,0.69,202.45,60.54,66.47,0.84
0.11,72.76,4.75,11.08,15.12,12.92,1.54,55.86,66.64,8.29,0.69,202.45,60.54,66.47,0.82
0.11,72.76,4.75,12,15.12,12,1.54,55.86,66.64,8.29,0.69,202.45,60.54,66.47,0.75
0.11,72.76,4.75,12.86,15.12,11.14,1.54,55.86,66.64,8.29,0.69,202.45,60.54,66.47,0.68
0.11,72.76,4.75,13.65,15.12,10.35,1.54,55.86,66.64,8.29,0.69,202.45,60.54,66.47,0.68
0.11,72.76,4.75,14.39,15.12,9.61,1.54,55.86,66.64,8.29,0.69,202.45,60.54,66.47,0.62
0.11,72.76,4.75,15.07,15.12,8.93,1.54,55.86,66.64,8.29,0.69,202.45,60.54,66.47,0.66
0.11,72.76,4.75,15.71,15.12,8.29,1.54,55.86,66.64,8.29,0.69,202.45,60.54,66.47,0.62
0.11,72.76,4.75,16.3,15.12,7.7,1.54,55.86,66.64,8.29,0.69,202.45,60.54,66.47,0.51
0.11,72.76,4.75,16.85,15.12,7.15,1.54,55.86,66.64,8.29,0.69,202.45,60.54,66.47,0.56
0.11,72.76,4.75,17.36,15.12,6.64,1.54,55.86,66.64,8.29,0.69,202.45,60.54,66.47,0.53
0.11,72.76,4.75,17.83,15.12,6.17,1.54,55.86,66.64,8.29,0.69,202.45,60.54,66.47,0.48
0.11,72.76,4.75,18.27,15.12,5.73,1.54,55.86,66.64,8.29,0.69,202.45,60.54,66.47,0.42
0.11,72.76,4.75,18.68,15.12,5.32,1.54,55.86,66.64,8.29,0.69,202.45,60.54,66.47,0.51
0.11,72.76,4.75,19.06,15.12,4.94,1.54,55.86,66.64,8.29,0.69,202.45,60.54,66.47,0.38
0.11,72.76,4.75,19.41,15.12,4.59,1.54,55.86,66.64,8.29,0.69,202.45,60.54,66.47,0.40
0.11,72.76,4.75,19.74,15.12,4.26,1.54,55.86,66.64,8.29,0.69,202.45,60.54,66.47,0.34
0.11,72.76,4.75,20.04,15.12,3.96,1.54,55.86,66.64,8.29,0.69,202.45,60.54,66.47,0.35
0.11,72.76,4.75,20.32,15.12,3.68,1.54,55.86,66.64,8.29,0.69,202.45,60.54,66.47,0.22
0.11,72.76,4.75,20.58,15.12,3.42,1.54,55.86,66.64,8.29,0.69,202.45,60.54,66.47,0.21
0.11,72.76,4.75,20.83,15.12,3.17,1.54,55.86,66.64,8.29,0.69,202.45,60.54,66.47,0.23
0.11,72.76,4.75,21.05,15.12,2.95,1.54,55.86,66.64,8.29,0.69,202.45,60.54,66.47,0.19
0.11,72.76,4.75,21.26,15.12,2.74,1.54,55.86,66.64,8.29,0.69,202.45,60.54,66.47,0.13
0.11,72.76,4.75,21.46,15.12,2.54,1.54,55.86,66.64,8.29,0.69,202.45,60.54,66.47,0.12
0.11,72.76,4.75,21.64,15.12,2.36,1.54,55.86,66.64,8.29,0.69,202.45,60.54,66.47,0.08
0.11,72.76,4.75,21.64,15.12,2.36,1.54,55.86,66.64,8.29,0.69,202.45,60.54,66.47,0.09
0.75,0.09,1.62,7,82.06,27,5.14,6.17,5.88,4.64,0.84,337.66,2.84,91.59,0
0.75,100,1.62,7.33,82.06,26.67,5.14,6.17,5.88,4.64,0.84,237.66,2.84,91.59,0.64
1.35,0.42,9.87,3,42.9,28,4.07,17.2,11.25,2.47,0.7,621.83,6.08,81.75,0.03
1.35,100,9.87,3.65,42.9,27.35,4.07,17.2,11.25,2.47,0.7,521.83,6.08,81.75,0.94
---------------------------------------------------------------------------------
Expected
---------------------------------------------------------------------------------
$atleast,>d,$done_percent,<ep,$learning_curve,<np,$nprod,$optimism,$pomposity,$productivity_exp,$productivity_new,$r,$to,$ts,>dom
0.11,0.44,4.75,4,15.12,20,1.54,55.86,66.64,8.29,0.69,274.77,60.54,66.47,0.07
0.11,72.76,4.75,5.32,15.12,18.68,1.54,55.86,66.64,8.29,0.69,202.45,60.54,66.47,0.98
0.11,72.76,4.75,6.65,15.12,17.35,1.54,55.86,66.64,8.29,0.69,202.45,60.54,66.47,0.99
0.11,72.76,4.75,7.88,15.12,16.12,1.54,55.86,66.64,8.29,0.69,202.45,60.54,66.47,0.92
0.11,72.76,4.75,9.03,15.12,14.97,1.54,55.86,66.64,8.29,0.69,202.45,60.54,66.47,0.85
0.11,72.76,4.75,10.09,15.12,13.91,1.54,55.86,66.64,8.29,0.69,202.45,60.54,66.47,0.8
0.11,72.76,4.75,11.08,15.12,12.92,1.54,55.86,66.64,8.29,0.69,202.45,60.54,66.47,0.78
0.11,72.76,4.75,12,15.12,12,1.54,55.86,66.64,8.29,0.69,202.45,60.54,66.47,0.81
0.11,72.76,4.75,12.86,15.12,11.14,1.54,55.86,66.64,8.29,0.69,202.45,60.54,66.47,0.77
0.11,72.76,4.75,13.65,15.12,10.35,1.54,55.86,66.64,8.29,0.69,202.45,60.54,66.47,0.76
0.11,72.76,4.75,14.39,15.12,9.61,1.54,55.86,66.64,8.29,0.69,202.45,60.54,66.47,0.67
0.11,72.76,4.75,15.07,15.12,8.93,1.54,55.86,66.64,8.29,0.69,202.45,60.54,66.47,0.7
0.11,72.76,4.75,15.71,15.12,8.29,1.54,55.86,66.64,8.29,0.69,202.45,60.54,66.47,0.62
0.11,72.76,4.75,16.3,15.12,7.7,1.54,55.86,66.64,8.29,0.69,202.45,60.54,66.47,0.58
0.11,72.76,4.75,16.85,15.12,7.15,1.54,55.86,66.64,8.29,0.69,202.45,60.54,66.47,0.61
0.11,72.76,4.75,17.36,15.12,6.64,1.54,55.86,66.64,8.29,0.69,202.45,60.54,66.47,0.69
0.11,72.76,4.75,17.83,15.12,6.17,1.54,55.86,66.64,8.29,0.69,202.45,60.54,66.47,0.54
0.11,72.76,4.75,18.27,15.12,5.73,1.54,55.86,66.64,8.29,0.69,202.45,60.54,66.47,0.46
0.11,72.76,4.75,18.68,15.12,5.32,1.54,55.86,66.64,8.29,0.69,202.45,60.54,66.47,0.4
0.11,72.76,4.75,19.06,15.12,4.94,1.54,55.86,66.64,8.29,0.69,202.45,60.54,66.47,0.42
0.11,72.76,4.75,19.41,15.12,4.59,1.54,55.86,66.64,8.29,0.69,202.45,60.54,66.47,0.44
0.11,72.76,4.75,19.74,15.12,4.26,1.54,55.86,66.64,8.29,0.69,202.45,60.54,66.47,0.27
0.11,72.76,4.75,20.04,15.12,3.96,1.54,55.86,66.64,8.29,0.69,202.45,60.54,66.47,0.34
0.11,72.76,4.75,20.32,15.12,3.68,1.54,55.86,66.64,8.29,0.69,202.45,60.54,66.47,0.28
0.11,72.76,4.75,20.58,15.12,3.42,1.54,55.86,66.64,8.29,0.69,202.45,60.54,66.47,0.31
0.11,72.76,4.75,20.83,15.12,3.17,1.54,55.86,66.64,8.29,0.69,202.45,60.54,66.47,0.24
0.11,72.76,4.75,21.05,15.12,2.95,1.54,55.86,66.64,8.29,0.69,202.45,60.54,66.47,0.22
0.11,72.76,4.75,21.26,15.12,2.74,1.54,55.86,66.64,8.29,0.69,202.45,60.54,66.47,0.27
0.11,72.76,4.75,21.46,15.12,2.54,1.54,55.86,66.64,8.29,0.69,202.45,60.54,66.47,0.15
0.11,72.76,4.75,21.64,15.12,2.36,1.54,55.86,66.64,8.29,0.69,202.45,60.54,66.47,0.09
0.11,72.76,4.75,21.64,15.12,2.36,1.54,55.86,66.64,8.29,0.69,202.45,60.54,66.47,0.1
0.75,0.09,1.62,7,82.06,27,5.14,6.17,5.88,4.64,0.84,337.66,2.84,91.59,0
0.75,100,1.62,7.33,82.06,26.67,5.14,6.17,5.88,4.64,0.84,237.66,2.84,91.59,0.61
1.35,0.42,9.87,3,42.9,28,4.07,17.2,11.25,2.47,0.7,621.83,6.08,81.75,0.02
1.35,100,9.87,3.65,42.9,27.35,4.07,17.2,11.25,2.47,0.7,521.83,6.08,81.75,1
---------------------------------------------------------------------------------
Output from the whole pipe
---------------------------------------------------------------------------------
-- >dom----------
|.. 0
|.. |..0.5
|.. |..|..0.71

-- $atleast ----------
|.. 0.11..1.35

-- $done_percent ----------
|.. 1.62..9.87
|.. |.. 1.62..4.75
|.. |.. |.. 1.62..4.75
|.. |.. |.. 4.75..4.75
|.. |.. 4.75..9.87

-- $learning_curve ----------
|.. 15.12..82.06

-- $nprod ----------
|.. 1.54..5.14

-- $optimism ----------
|.. 6.17..55.86
|.. |.. 6.17..55.86
|.. |.. |.. 6.17..55.86
|.. |.. |.. 55.86..55.86
|.. |.. 55.86..55.86

-- $pomposity ----------
|.. 5.88..66.64
|.. |.. 5.88..66.64
|.. |.. |.. 5.88..66.64
|.. |.. |.. |.. 5.88..66.64
|.. |.. |.. |.. 66.64..66.64
|.. |.. |.. 66.64..66.64
|.. |.. 66.64..66.64

-- $productivity_exp ----------
|.. 2.47..8.29

-- $productivity_new ----------
|.. 0.69..0.84

-- $r ----------
|.. 202.45..621.83

-- $to ----------
|.. 2.84..60.54
|.. |.. 2.84..60.54
|.. |.. |.. 2.84..60.54
|.. |.. |.. 60.54..60.54
|.. |.. 60.54..60.54

-- $ts ----------
|.. 66.47..91.59
1       53      done_percent    4.75..  64      12
2       42      to      60.54.. 64      33
3       39      optimism        55.86..55.86    55      21
4       27      pomposity       66.64.. 36      12
5       19      to      ..60.54 27      12
6       9       done_percent    ..4.75  18      17
---------------------------------------------------------------------------------
Note that dom scores are calculated randomly, they should be approximately, but not exactly equal.
